2026-05-22 10:33:30 Loaded main app package /usr/lib/obsidian/obsidian.asar
2026-05-22 10:33:30 Checking for update using Github
2026-05-22 10:33:30 Success.
2026-05-22 10:33:30 Latest version is 1.12.7
2026-05-22 10:33:30 App is up to date.
2026-05-22 14:23:03 Checking for update using Github
2026-05-22 14:23:03 Success.
2026-05-22 14:23:03 Latest version is 1.12.7
2026-05-22 14:23:03 App is up to date.
2026-05-22 14:48:53 Loaded main app package /usr/lib/obsidian/obsidian.asar
2026-05-22 14:48:53 Checking for update using Github
2026-05-22 14:48:53 Success.
2026-05-22 14:48:53 Latest version is 1.12.7
2026-05-22 14:48:53 App is up to date.
2026-05-22 15:17:22 Loaded main app package /usr/lib/obsidian/obsidian.asar
2026-05-22 15:17:22 Checking for update using Github
2026-05-22 15:17:22 Success.
2026-05-22 15:17:22 Latest version is 1.12.7
2026-05-22 15:17:22 App is up to date.
2026-05-23 14:32:37 Loaded main app package /usr/lib/obsidian/obsidian.asar
2026-05-23 14:32:37 Checking for update using Github
2026-05-23 14:32:37 Success.
2026-05-23 14:32:37 Latest version is 1.12.7
2026-05-23 14:32:37 App is up to date.
2026-05-23 19:09:33 Checking for update using Github
2026-05-23 19:09:33 Success.
2026-05-23 19:09:33 Latest version is 1.12.7
2026-05-23 19:09:33 App is up to date.
2026-05-26 16:06:55 Loaded main app package /usr/lib/obsidian/obsidian.asar
2026-05-26 16:06:55 Checking for update using Github
2026-05-26 16:06:55 Success.
2026-05-26 16:06:55 Latest version is 1.12.7
2026-05-26 16:06:55 App is up to date.
2026-05-30 15:06:04 Loaded main app package /usr/lib/obsidian/obsidian.asar
2026-05-30 15:06:04 Checking for update using Github
2026-05-30 15:06:05 Success.
2026-05-30 15:06:05 Latest version is 1.12.7
2026-05-30 15:06:05 App is up to date.
